
// Magma
Deployer's address:  0xE8aF6d7e77f5D9953d99822812DCe227551df1D7
Deployer's balance:  97514269700000000n
Marketplace Proxy deployed at  0xbE7380A00ee08eF2df78548236b01eeCEECD60A9
Bundle Marketplace Proxy deployed at  0x84f3D9EaE27B121EFD0072b21b4E324B3996B867
Auction Proxy deployed at  0x7F8a25674Af96B36ed2129AF61BdAe685b2007e5
VolcanoERC721Factory deployed to: 0x2C759982d596323b6520B862B60a257AcDA58983
VolcanoERC721Tradable deployed to: 0x6aa56E143f718a72930756947E20c7bDA62191f3
VolcanoERC1155Factory deployed to: 0xFf610A41C5Cda0c7b2824dD816d93B2c4A1a174B
VolcanoERC1155Tradable deployed to: 0x084dD992bbD5B4fFee212F18C7398903411bfb3C
VolcanoTokenRegistry deployed to 0x5faE05835bbdb62Fd408EedBbfE76EF2b72435d3
VolcanoAddressRegistry deployed to 0x99621a66edf5B9e16B510Ff8A2A56094D698c275
VolcanoPriceFeed deployed to 0xA676caEBE626F6A4Aa866a568325D7CD6F939406
Deployer's balance:  90788475000000000n
//
RandomNumberOracle deployed to: 0x3Dee8F014F7edf2D838D95FB357BF5964C3E53a6
PriceOracleProxy deployed to: 0x96F8fA9c76658604C9405e99174792c5400e5bAd

// Sepolia
Deployer's address:  0xE8aF6d7e77f5D9953d99822812DCe227551df1D7
Deployer's balance:  3519298619945328898n
Marketplace Proxy deployed at  0x99621a66edf5B9e16B510Ff8A2A56094D698c275
Bundle Marketplace Proxy deployed at  0x3097489d44C5A6A1B087f946Cf81B42F641774eD
Auction Proxy deployed at  0x57EBE4C797572AF95C70B04a941AE9E71c467bb6
	// older
	//VolcanoERC721Factory deployed to: 0xcd9cD5a87DCB809B77F9Da9405ca3DF20cD6A485
	//VolcanoERC721Tradable deployed to: 0xAC99839EA149256325a197Ce6011389C9AB84b76
	//VolcanoERC1155Factory deployed to: 0x8b91473100d50A3436667C01dA41668bDfbAE0F1
	//VolcanoERC1155Tradable deployed to: 0x2282eE75AE8fAC652991b111637bd0170ff584a2
	//VolcanoERC20Factory deployed to: 0x2bd72E8aF1E2a9bf6f335d4A290eF751C94e260E (no staking)
VolcanoERC20Factory deployed to: 0xd60649562BF33caF24782E1Ce77e2373247A2Aeb
VolcanoERC721Factory deployed to: 0x1e2751Ed73aae02Fe9fFaBf0fE2474af43b99948
VolcanoERC1155Factory deployed to: 0x00D90A12Dc69aDfA188DF5217656D3eD35726c9B
VolcanoTokenRegistry deployed to 0x8724c2A56c465c3175007E84e870cEaA0a7afC93
VolcanoAddressRegistry deployed to 0x762e9C42ff93f8850ce8E4e001c16d3d75e678E8
VolcanoPriceFeed deployed to 0x71fe4aB56fCCdD82045493548309ADe46830741c
Deployer's balance:  2653468233299124825n
// Sepolia wETH 0xaE327De268372aAB71c0b54c99A41427142D58Ca
//
RandomNumberOracle deployed to: 0x762ff0701c4a086773468CB721a1E6533C72897c
PriceOracleProxy deployed to: 0xDE02bfF014E88bD18839a23FbD0EaC883f526524


// Unichain Sepolia
Deployer's address:  0xe549de602376Cbe7D57982A251C6acEFb8aE81B9 (** 0xE8aF6d7e77f5D9953d99822812DCe227551df1D7 for newer VolcanoERC20Staking\Factory)
Marketplace Proxy deployed at  0xDdB37559c5c67F90F8F5C777a45dDDc7AEa5fBc2
Bundle Marketplace Proxy deployed at 0xfcD64De6a1Bf1f87c1ba40b7D78218cb3718a48b 
Auction Proxy deployed at  0x250edB1C454229683bef62B449B03b5DEA7B6cB5
// newer ERC20Factory (**)
	VolcanoERC20Staking deployed at 0x96F8fA9c76658604C9405e99174792c5400e5bAd
	VolcanoERC20Factory deployed to: 0x59aCe9EA6Be2AabCc9F37B6F217477E4464bE139
// older ERC20Factory
	VolcanoERC20Factory deployed to: 0x8223Aa202d59e9CcCF52AA0ea3057aE079d3ce33
VolcanoERC721Factory deployed to: 0x02c394f17074A5B017f5A2d9E2D16A464D432b4F
VolcanoERC1155Factory deployed to: 0xB0CfbB445C4E1cB4Cd094404437Ee9Ac5a3418Dd
VolcanoTokenRegistry deployed to 0xa6Ac8B961F7f9510c86D0a619F55E0D4d653E454
VolcanoAddressRegistry deployed to 0x08702E7ebB8a07E8560D3D80Ad51d653a0E2805C
VolcanoPriceFeed deployed to 0x08f038b66A12A463e66a11d90b889e41F186CA9c
// Sepolia wETH 0x4200000000000000000000000000000000000006
// older 
	RandomNumberOracle deployed to: 0xbf041ACc7145349631351A5E9915722281C20C9b
	PriceOracleProxy deployed to:
// newer (**)
	RandomNumberOracle deployed to: 0xc79476D346582a8E1a116c89C5F44E091Ed3aBB8
			=== Contract Deployment Info ===
			Name:         RandomNumberOracle
			Address:      0xc79476D346582a8E1a116c89C5F44E091Ed3aBB8
			Tx Hash:      0xe38459e46fe70df0006d4023108ed696337393f31daed8f9f1f99e7350b7918f
			Block Number: 41305960
			Timestamp:   1768158388
			Date:        2026-01-11T19:06:28.000Z
			================================
	PriceOracleProxy deployed to: 0xFD8D63b093023074765a9A3C422A2fB70F89f022
			=== Contract Deployment Info ===
			Name:         PriceOracleProxy
			Address:      0xFD8D63b093023074765a9A3C422A2fB70F89f022
			Tx Hash:      0xe5ebac12313d57857f95108805a253a9757813603c9157a2e00c9a1e59187dd0
			Block Number: 41305967
			Timestamp:   1768158395
			Date:        2026-01-11T19:06:35.000Z
			================================